[2m2022-05-24 09:12:51.531[0;39m [32m INFO[0;39m [35m21208[0;39m [2m---[0;39m [2m[  restartedMain][0;39m [36m.e.DevToolsPropertyDefaultsPostProcessor[0;39m [2m:[0;39m Devtools property defaults active! Set 'spring.devtools.add-properties' to 'false' to disable
[2m2022-05-24 09:12:51.534[0;39m [32m INFO[0;39m [35m21208[0;39m [2m---[0;39m [2m[  restartedMain][0;39m [36m.e.DevToolsPropertyDefaultsPostProcessor[0;39m [2m:[0;39m For additional web related logging consider setting the 'logging.level.web' property to 'DEBUG'
[2m2022-05-24 09:12:52.821[0;39m [32m INFO[0;39m [35m21208[0;39m [2m---[0;39m [2m[  restartedMain][0;39m [36mo.s.b.w.embedded.tomcat.TomcatWebServer [0;39m [2m:[0;39m Tomcat initialized with port(s): 8080 (http)
[2m2022-05-24 09:12:53.067[0;39m [32m INFO[0;39m [35m21208[0;39m [2m---[0;39m [2m[  restartedMain][0;39m [36mw.s.c.ServletWebServerApplicationContext[0;39m [2m:[0;39m Root WebApplicationContext: initialization completed in 1532 ms
[2m2022-05-24 09:12:53.892[0;39m [32m INFO[0;39m [35m21208[0;39m [2m---[0;39m [2m[  restartedMain][0;39m [36mo.s.b.d.a.OptionalLiveReloadServer      [0;39m [2m:[0;39m LiveReload server is running on port 35729
[2m2022-05-24 09:12:54.084[0;39m [32m INFO[0;39m [35m21208[0;39m [2m---[0;39m [2m[  restartedMain][0;39m [36mo.s.b.w.embedded.tomcat.TomcatWebServer [0;39m [2m:[0;39m Tomcat started on port(s): 8080 (http) with context path ''
[2m2022-05-24 09:12:56.574[0;39m [32m INFO[0;39m [35m21208[0;39m [2m---[0;39m [2m[nio-8080-exec-1][0;39m [36mo.s.web.servlet.DispatcherServlet       [0;39m [2m:[0;39m Initializing Servlet 'dispatcherServlet'
[2m2022-05-24 09:12:56.575[0;39m [32m INFO[0;39m [35m21208[0;39m [2m---[0;39m [2m[nio-8080-exec-1][0;39m [36mo.s.web.servlet.DispatcherServlet       [0;39m [2m:[0;39m Completed initialization in 1 ms
[2m2022-05-24 09:12:56.864[0;39m [32mDEBUG[0;39m [35m21208[0;39m [2m---[0;39m [2m[nio-8080-exec-1][0;39m [36mc.ssafy.vue.controller.MemberController [0;39m [2m:[0;39m 로그인 토큰정보 : eyJ0eXAiOiJKV1QiLCJyZWdEYXRlIjoxNjUzMzUxMTc2ODI3LCJhbGciOiJIUzI1NiJ9.eyJleHAiOjE2NTMzNTQ3NzYsInN1YiI6ImFjY2Vzcy10b2tlbiIsInVzZXJfc2VxIjoyfQ.uq6M0LrgnccI0cwq1NeO_M36sC2iNj7OpKI3CwhQ7tA
[2m2022-05-24 09:13:06.282[0;39m [32mDEBUG[0;39m [35m21208[0;39m [2m---[0;39m [2m[nio-8080-exec-3][0;39m [36mcom.ssafy.vue.controller.BankController [0;39m [2m:[0;39m depositOrWithdraw - 호출
[2m2022-05-24 09:13:09.832[0;39m [32mDEBUG[0;39m [35m21208[0;39m [2m---[0;39m [2m[nio-8080-exec-4][0;39m [36mcom.ssafy.vue.controller.BankController [0;39m [2m:[0;39m depositOrWithdraw - 호출
[2m2022-05-24 09:13:10.590[0;39m [32mDEBUG[0;39m [35m21208[0;39m [2m---[0;39m [2m[nio-8080-exec-5][0;39m [36mcom.ssafy.vue.controller.BankController [0;39m [2m:[0;39m depositOrWithdraw - 호출
[2m2022-05-24 09:13:11.268[0;39m [32mDEBUG[0;39m [35m21208[0;39m [2m---[0;39m [2m[nio-8080-exec-6][0;39m [36mcom.ssafy.vue.controller.BankController [0;39m [2m:[0;39m depositOrWithdraw - 호출
[2m2022-05-24 09:13:12.171[0;39m [32mDEBUG[0;39m [35m21208[0;39m [2m---[0;39m [2m[nio-8080-exec-8][0;39m [36mcom.ssafy.vue.controller.BankController [0;39m [2m:[0;39m depositOrWithdraw - 호출
[2m2022-05-24 09:13:19.030[0;39m [32mDEBUG[0;39m [35m21208[0;39m [2m---[0;39m [2m[nio-8080-exec-7][0;39m [36mcom.ssafy.vue.controller.BankController [0;39m [2m:[0;39m loanOrRepayment - 호출
[2m2022-05-24 09:13:21.806[0;39m [32mDEBUG[0;39m [35m21208[0;39m [2m---[0;39m [2m[nio-8080-exec-9][0;39m [36mcom.ssafy.vue.controller.BankController [0;39m [2m:[0;39m loanOrRepayment - 호출
[2m2022-05-24 09:13:50.999[0;39m [32m INFO[0;39m [35m21208[0;39m [2m---[0;39m [2m[  restartedMain][0;39m [36mo.s.b.w.embedded.tomcat.TomcatWebServer [0;39m [2m:[0;39m Tomcat initialized with port(s): 8080 (http)
[2m2022-05-24 09:13:51.046[0;39m [32m INFO[0;39m [35m21208[0;39m [2m---[0;39m [2m[  restartedMain][0;39m [36mw.s.c.ServletWebServerApplicationContext[0;39m [2m:[0;39m Root WebApplicationContext: initialization completed in 397 ms
[2m2022-05-24 09:13:51.235[0;39m [32m INFO[0;39m [35m21208[0;39m [2m---[0;39m [2m[  restartedMain][0;39m [36mo.s.b.d.a.OptionalLiveReloadServer      [0;39m [2m:[0;39m LiveReload server is running on port 35729
[2m2022-05-24 09:13:51.280[0;39m [32m INFO[0;39m [35m21208[0;39m [2m---[0;39m [2m[  restartedMain][0;39m [36mo.s.b.w.embedded.tomcat.TomcatWebServer [0;39m [2m:[0;39m Tomcat started on port(s): 8080 (http) with context path ''
[2m2022-05-24 09:13:51.304[0;39m [32m INFO[0;39m [35m21208[0;39m [2m---[0;39m [2m[  restartedMain][0;39m [36m.ConditionEvaluationDeltaLoggingListener[0;39m [2m:[0;39m Condition evaluation unchanged
[2m2022-05-24 09:13:53.115[0;39m [32m INFO[0;39m [35m21208[0;39m [2m---[0;39m [2m[nio-8080-exec-3][0;39m [36mo.s.web.servlet.DispatcherServlet       [0;39m [2m:[0;39m Initializing Servlet 'dispatcherServlet'
[2m2022-05-24 09:13:53.117[0;39m [32m INFO[0;39m [35m21208[0;39m [2m---[0;39m [2m[nio-8080-exec-3][0;39m [36mo.s.web.servlet.DispatcherServlet       [0;39m [2m:[0;39m Completed initialization in 1 ms
[2m2022-05-24 09:13:53.120[0;39m [32mDEBUG[0;39m [35m21208[0;39m [2m---[0;39m [2m[nio-8080-exec-3][0;39m [36mcom.ssafy.vue.controller.BankController [0;39m [2m:[0;39m loanOrRepayment - 호출
[2m2022-05-24 09:13:54.661[0;39m [32mDEBUG[0;39m [35m21208[0;39m [2m---[0;39m [2m[nio-8080-exec-4][0;39m [36mcom.ssafy.vue.controller.BankController [0;39m [2m:[0;39m loanOrRepayment - 호출
[2m2022-05-24 09:15:16.920[0;39m [32m INFO[0;39m [35m21208[0;39m [2m---[0;39m [2m[  restartedMain][0;39m [36mo.s.b.w.embedded.tomcat.TomcatWebServer [0;39m [2m:[0;39m Tomcat initialized with port(s): 8080 (http)
[2m2022-05-24 09:15:16.975[0;39m [32m INFO[0;39m [35m21208[0;39m [2m---[0;39m [2m[  restartedMain][0;39m [36mw.s.c.ServletWebServerApplicationContext[0;39m [2m:[0;39m Root WebApplicationContext: initialization completed in 411 ms
[2m2022-05-24 09:15:17.180[0;39m [32m INFO[0;39m [35m21208[0;39m [2m---[0;39m [2m[  restartedMain][0;39m [36mo.s.b.d.a.OptionalLiveReloadServer      [0;39m [2m:[0;39m LiveReload server is running on port 35729
[2m2022-05-24 09:15:17.234[0;39m [32m INFO[0;39m [35m21208[0;39m [2m---[0;39m [2m[  restartedMain][0;39m [36mo.s.b.w.embedded.tomcat.TomcatWebServer [0;39m [2m:[0;39m Tomcat started on port(s): 8080 (http) with context path ''
[2m2022-05-24 09:15:17.262[0;39m [32m INFO[0;39m [35m21208[0;39m [2m---[0;39m [2m[  restartedMain][0;39m [36m.ConditionEvaluationDeltaLoggingListener[0;39m [2m:[0;39m Condition evaluation unchanged
[2m2022-05-24 09:15:18.573[0;39m [32m INFO[0;39m [35m21208[0;39m [2m---[0;39m [2m[nio-8080-exec-2][0;39m [36mo.s.web.servlet.DispatcherServlet       [0;39m [2m:[0;39m Initializing Servlet 'dispatcherServlet'
[2m2022-05-24 09:15:18.574[0;39m [32m INFO[0;39m [35m21208[0;39m [2m---[0;39m [2m[nio-8080-exec-2][0;39m [36mo.s.web.servlet.DispatcherServlet       [0;39m [2m:[0;39m Completed initialization in 1 ms
[2m2022-05-24 09:15:18.578[0;39m [32mDEBUG[0;39m [35m21208[0;39m [2m---[0;39m [2m[nio-8080-exec-2][0;39m [36mcom.ssafy.vue.controller.BankController [0;39m [2m:[0;39m loanOrRepayment - 호출
